\BOOKMARK [0][-]{chapter*.5}{Gii thiu}{}% 1
\BOOKMARK [0][-]{chapter.1}{Kin thc c s}{}% 2
\BOOKMARK [1][-]{section.1.1}{H khuyn nghi}{chapter.1}% 3
\BOOKMARK [1][-]{section.1.2}{H thng da theo ni dung \(Content-based\)}{chapter.1}% 4
\BOOKMARK [1][-]{section.1.3}{H thng loc cng t\341c \(Collaborative filtering\)}{chapter.1}% 5
\BOOKMARK [1][-]{section.1.4}{H thng kt hp \(Hybrid Approaches\)}{chapter.1}% 6
\BOOKMARK [1][-]{section.1.5}{Thut to\341n da tr\352n b nh \(Memory-based Algorithms\)}{chapter.1}% 7
\BOOKMARK [1][-]{section.1.6}{Thut to\341n da tr\352n m\364 h\354nh \(Model-based Algorithm\)}{chapter.1}% 8
\BOOKMARK [1][-]{section.1.7}{C\341c vn }{chapter.1}% 9
\BOOKMARK [2][-]{subsection.1.7.1}{Thc thi}{section.1.7}% 10
\BOOKMARK [2][-]{subsection.1.7.2}{Hiu nang}{section.1.7}% 11
\BOOKMARK [2][-]{subsection.1.7.3}{Thuc t\355nh ngi mua}{section.1.7}% 12
\BOOKMARK [2][-]{subsection.1.7.4}{Tp d liu}{section.1.7}% 13
\BOOKMARK [1][-]{section.1.8}{\320\341nh gi\341}{chapter.1}% 14
\BOOKMARK [2][-]{subsection.1.8.1}{Trung b\354nh tri tuyt i cua li \(Mean Absolute Error}{section.1.8}% 15
\BOOKMARK [2][-]{subsection.1.8.2}{Can bc hai trung b\354nh cua b\354nh phng li}{section.1.8}% 16
\BOOKMARK [2][-]{subsection.1.8.3}{\320\341nh gi\341 ch\351o}{section.1.8}% 17
\BOOKMARK [0][-]{chapter.2}{Thut to\341n}{}% 18
\BOOKMARK [1][-]{section.2.1}{Loc cng t\341c da tr\352n mt h\340ng \(Item-based Collaborative Filtering\)}{chapter.2}% 19
\BOOKMARK [2][-]{subsection.2.1.1}{\320 tng t da tr\352n Cosine \(Cosine-based Similarity}{section.2.1}% 20
\BOOKMARK [2][-]{subsection.2.1.2}{\320 tng t da tr\352n tng quan Correlation-based Similarity}{section.2.1}% 21
\BOOKMARK [2][-]{subsection.2.1.3}{T\355nh to\341n d o\341n}{section.2.1}% 22
\BOOKMARK [1][-]{section.2.2}{FunkSVD}{chapter.2}% 23
\BOOKMARK [0][-]{chapter.3}{Kinh nghim}{}% 24
\BOOKMARK [1][-]{section.3.1}{Datasets}{chapter.3}% 25
\BOOKMARK [0][-]{chapter.4}{Kt qua}{}% 26
\BOOKMARK [1][-]{section.4.1}{H thng loc cng t\341c da tr\352n b nh}{chapter.4}% 27
\BOOKMARK [1][-]{section.4.2}{H thng loc da tr\352n m\364 h\354nh}{chapter.4}% 28
\BOOKMARK [2][-]{subsection.4.2.1}{S dung SVD trong tp d liu 100k vi c\341c gi\341 tri ri\352ng k kh\341c nhau}{section.4.2}% 29
